SF:C:\Users\valentin\Documents\xxx-code\GitHub\web-facade\src\WebFacade.Core\Models\Resource.cs
FN:9,System.Int64 WebFacade.Core.Models.Resource::get_Timestamp()
FNDA:12,System.Int64 WebFacade.Core.Models.Resource::get_Timestamp()
DA:10,12
FN:10,System.String WebFacade.Core.Models.Resource::get_Uuid()
FNDA:1,System.String WebFacade.Core.Models.Resource::get_Uuid()
DA:11,1
FN:11,System.Byte[] WebFacade.Core.Models.Resource::get_Value()
FNDA:9,System.Byte[] WebFacade.Core.Models.Resource::get_Value()
DA:12,9
FN:13,System.String WebFacade.Core.Models.Resource::GetStringValue()
FNDA:2,System.String WebFacade.Core.Models.Resource::GetStringValue()
DA:14,2
BRDA:14,6,0,1
BRDA:14,6,1,1
FN:14,System.Void WebFacade.Core.Models.Resource::SetStringValue(System.String)
FNDA:2,System.Void WebFacade.Core.Models.Resource::SetStringValue(System.String)
DA:15,2
BRDA:15,2,0,1
BRDA:15,2,1,1
FN:16,System.DateTime WebFacade.Core.Models.Resource::GetTimestampUtc()
FNDA:3,System.DateTime WebFacade.Core.Models.Resource::GetTimestampUtc()
DA:17,3
DA:18,3
DA:19,1
DA:21,2
DA:22,2
BRDA:18,13,0,1
BRDA:18,13,1,2
FN:23,System.Void WebFacade.Core.Models.Resource::SetTimestampUtc(System.DateTime)
FNDA:5,System.Void WebFacade.Core.Models.Resource::SetTimestampUtc(System.DateTime)
DA:24,5
DA:25,5
DA:26,2
DA:28,3
DA:29,3
DA:30,1
DA:32,2
DA:33,2
BRDA:25,16,0,2
BRDA:25,16,1,3
BRDA:29,57,0,1
BRDA:29,57,1,2
FN:7,System.Void WebFacade.Core.Models.Resource::.cctor()
FNDA:1,System.Void WebFacade.Core.Models.Resource::.cctor()
DA:8,1
LF:19
LH:19
BRF:10
BRH:10
FNF:8
FNH:8
end_of_record
SF:C:\Users\valentin\Documents\xxx-code\GitHub\web-facade\src\WebFacade.Core\Exceptions\DateTimeKindException.cs
FN:6,System.Void WebFacade.Core.Exceptions.DateTimeKindException::.ctor(System.String)
FNDA:2,System.Void WebFacade.Core.Exceptions.DateTimeKindException::.ctor(System.String)
DA:7,2
DA:8,2
DA:9,2
LF:3
LH:3
BRF:0
BRH:0
FNF:1
FNH:1
end_of_record
SF:C:\Users\valentin\Documents\xxx-code\GitHub\web-facade\src\WebFacade.Core\Exceptions\NegativeUnixException.cs
FN:6,System.Void WebFacade.Core.Exceptions.NegativeUnixException::.ctor(System.String)
FNDA:2,System.Void WebFacade.Core.Exceptions.NegativeUnixException::.ctor(System.String)
DA:7,2
DA:8,2
DA:9,2
LF:3
LH:3
BRF:0
BRH:0
FNF:1
FNH:1
end_of_record